This is XeTeX, Version 3.141592653-2.6-0.999996 (TeX Live 2024) (preloaded format=xelatex 2025.1.12)  16 AUG 2025 16:57
entering extended mode
 restricted \write18 enabled.
 %&-line parsing enabled.
**index.tex
(./index.tex
LaTeX2e <2024-11-01> patch level 1
L3 programming layer <2024-12-25>
(/Users/yiwang/Library/TinyTeX/texmf-dist/tex/latex/koma-script/scrreprt.cls
Document Class: scrreprt 2024/10/24 v3.43 KOMA-Script document class (report)
(/Users/yiwang/Library/TinyTeX/texmf-dist/tex/latex/koma-script/scrkbase.sty
Package: scrkbase 2024/10/24 v3.43 KOMA-Script package (KOMA-Script-dependent basics and keyval usage)
(/Users/yiwang/Library/TinyTeX/texmf-dist/tex/latex/koma-script/scrbase.sty
Package: scrbase 2024/10/24 v3.43 KOMA-Script package (KOMA-Script-independent basics and keyval usage)
(/Users/yiwang/Library/TinyTeX/texmf-dist/tex/latex/koma-script/scrlfile.sty
Package: scrlfile 2024/10/24 v3.43 KOMA-Script package (file load hooks)
(/Users/yiwang/Library/TinyTeX/texmf-dist/tex/latex/koma-script/scrlfile-hook.sty
Package: scrlfile-hook 2024/10/24 v3.43 KOMA-Script package (using LaTeX hooks)
(/Users/yiwang/Library/TinyTeX/texmf-dist/tex/latex/koma-script/scrlogo.sty
Package: scrlogo 2024/10/24 v3.43 KOMA-Script package (logo)
))) (/Users/yiwang/Library/TinyTeX/texmf-dist/tex/latex/graphics/keyval.sty
Package: keyval 2022/05/29 v1.15 key=value parser (DPC)
\KV@toks@=\toks17
)
Applying: [2021/05/01] Usage of raw or classic option list on input line 254.
Already applied: [0000/00/00] Usage of raw or classic option list on input line 370.
)) (/Users/yiwang/Library/TinyTeX/texmf-dist/tex/latex/koma-script/tocbasic.sty
Package: tocbasic 2024/10/24 v3.43 KOMA-Script package (handling toc-files)
\scr@dte@tocline@numberwidth=\skip49
\scr@dte@tocline@numbox=\box52
)
Package tocbasic Info: omitting babel extension for `toc'
(tocbasic)             because of feature `nobabel' available
(tocbasic)             for `toc' on input line 137.
Class scrreprt Info: File `scrsize11pt.clo' used instead of
(scrreprt)           file `scrsize11.clo' to setup font sizes on input line 2713.
(/Users/yiwang/Library/TinyTeX/texmf-dist/tex/latex/koma-script/scrsize11pt.clo
File: scrsize11pt.clo 2024/10/24 v3.43 KOMA-Script font size class option (11pt)
) (/Users/yiwang/Library/TinyTeX/texmf-dist/tex/latex/koma-script/typearea.sty
Package: typearea 2024/10/24 v3.43 KOMA-Script package (type area)
\ta@bcor=\skip50
\ta@div=\count192
Package typearea Info: You've used standard option `letterpaper'.
(typearea)             This is correct!
(typearea)             Internally I'm using `paper=letter'.
(typearea)             If you'd like to set the option with \KOMAoptions,
(typearea)             you'd have to use `paper=letter' there
(typearea)             instead of `letterpaper', too.
\ta@hblk=\skip51
\ta@vblk=\skip52
\ta@temp=\skip53
\footheight=\skip54
Package typearea Info: These are the values describing the layout:
(typearea)             DIV  = 11
(typearea)             BCOR = 0.0pt
(typearea)             \paperwidth      = 614.295pt
(typearea)              \textwidth      = 446.76004pt
(typearea)              DIV departure   = -14%
(typearea)              \evensidemargin = 11.49748pt
(typearea)              \oddsidemargin  = 11.49748pt
(typearea)             \paperheight     = 794.96999pt
(typearea)              \textheight     = 582.20026pt
(typearea)              \topmargin      = -37.40001pt
(typearea)              \headheight     = 17.0pt
(typearea)              \headsep        = 20.40001pt
(typearea)              \topskip        = 11.0pt
(typearea)              \footskip       = 47.6pt
(typearea)              \baselineskip   = 13.6pt
(typearea)              on input line 1802.
)
\c@part=\count193
\c@chapter=\count194
\c@section=\count195
\c@subsection=\count196
\c@subsubsection=\count197
\c@paragraph=\count198
\c@subparagraph=\count199
\scr@dte@chapter@maxnumwidth=\skip55
Class scrreprt Info: using compatibility default `afterindent=bysign'
(scrreprt)           for `\chapter on input line 6020.
\scr@dte@section@maxnumwidth=\skip56
Class scrreprt Info: using compatibility default `runin=bysign'
(scrreprt)           for `\section on input line 6031.
Class scrreprt Info: using compatibility default `afterindent=bysign'
(scrreprt)           for `\section on input line 6031.
\scr@dte@part@maxnumwidth=\skip57
Class scrreprt Info: using compatibility default `afterindent=true'
(scrreprt)           for `\part on input line 6040.
\scr@dte@subsection@maxnumwidth=\skip58
Class scrreprt Info: using compatibility default `runin=bysign'
(scrreprt)           for `\subsection on input line 6050.
Class scrreprt Info: using compatibility default `afterindent=bysign'
(scrreprt)           for `\subsection on input line 6050.
\scr@dte@subsubsection@maxnumwidth=\skip59
Class scrreprt Info: using compatibility default `runin=bysign'
(scrreprt)           for `\subsubsection on input line 6060.
Class scrreprt Info: using compatibility default `afterindent=bysign'
(scrreprt)           for `\subsubsection on input line 6060.
\scr@dte@paragraph@maxnumwidth=\skip60
Class scrreprt Info: using compatibility default `runin=bysign'
(scrreprt)           for `\paragraph on input line 6071.
Class scrreprt Info: using compatibility default `afterindent=bysign'
(scrreprt)           for `\paragraph on input line 6071.
\scr@dte@subparagraph@maxnumwidth=\skip61
Class scrreprt Info: using compatibility default `runin=bysign'
(scrreprt)           for `\subparagraph on input line 6081.
Class scrreprt Info: using compatibility default `afterindent=bysign'
(scrreprt)           for `\subparagraph on input line 6081.
\abovecaptionskip=\skip62
\belowcaptionskip=\skip63
\c@pti@nb@sid@b@x=\box53
Package tocbasic Info: omitting babel extension for `lof'
(tocbasic)             because of feature `nobabel' available
(tocbasic)             for `lof' on input line 7269.
\scr@dte@figure@maxnumwidth=\skip64
\c@figure=\count266
Package tocbasic Info: omitting babel extension for `lot'
(tocbasic)             because of feature `nobabel' available
(tocbasic)             for `lot' on input line 7286.
\scr@dte@table@maxnumwidth=\skip65
\c@table=\count267
Class scrreprt Info: Redefining `\numberline' on input line 7457.
\bibindent=\dimen141
) (/Users/yiwang/Library/TinyTeX/texmf-dist/tex/latex/amsmath/amsmath.sty
Package: amsmath 2024/11/05 v2.17t AMS math features
\@mathmargin=\skip66
For additional information on amsmath, use the `?' option.
(/Users/yiwang/Library/TinyTeX/texmf-dist/tex/latex/amsmath/amstext.sty
Package: amstext 2021/08/26 v2.01 AMS text
(/Users/yiwang/Library/TinyTeX/texmf-dist/tex/latex/amsmath/amsgen.sty
File: amsgen.sty 1999/11/30 v2.0 generic functions
\@emptytoks=\toks18
\ex@=\dimen142
)) (/Users/yiwang/Library/TinyTeX/texmf-dist/tex/latex/amsmath/amsbsy.sty
Package: amsbsy 1999/11/29 v1.2d Bold Symbols
\pmbraise@=\dimen143
) (/Users/yiwang/Library/TinyTeX/texmf-dist/tex/latex/amsmath/amsopn.sty
Package: amsopn 2022/04/08 v2.04 operator names
)
\inf@bad=\count268
LaTeX Info: Redefining \frac on input line 233.
\uproot@=\count269
\leftroot@=\count270
LaTeX Info: Redefining \overline on input line 398.
LaTeX Info: Redefining \colon on input line 409.
\classnum@=\count271
\DOTSCASE@=\count272
LaTeX Info: Redefining \ldots on input line 495.
LaTeX Info: Redefining \dots on input line 498.
LaTeX Info: Redefining \cdots on input line 619.
\Mathstrutbox@=\box54
\strutbox@=\box55
LaTeX Info: Redefining \big on input line 721.
LaTeX Info: Redefining \Big on input line 722.
LaTeX Info: Redefining \bigg on input line 723.
LaTeX Info: Redefining \Bigg on input line 724.
\big@size=\dimen144
LaTeX Font Info:    Redeclaring font encoding OML on input line 742.
LaTeX Font Info:    Redeclaring font encoding OMS on input line 743.
\macc@depth=\count273
LaTeX Info: Redefining \bmod on input line 904.
LaTeX Info: Redefining \pmod on input line 909.
LaTeX Info: Redefining \smash on input line 939.
LaTeX Info: Redefining \relbar on input line 969.
LaTeX Info: Redefining \Relbar on input line 970.
\c@MaxMatrixCols=\count274
\dotsspace@=\muskip17
\c@parentequation=\count275
\dspbrk@lvl=\count276
\tag@help=\toks19
\row@=\count277
\column@=\count278
\maxfields@=\count279
\andhelp@=\toks20
\eqnshift@=\dimen145
\alignsep@=\dimen146
\tagshift@=\dimen147
\tagwidth@=\dimen148
\totwidth@=\dimen149
\lineht@=\dimen150
\@envbody=\toks21
\multlinegap=\skip67
\multlinetaggap=\skip68
\mathdisplay@stack=\toks22
LaTeX Info: Redefining \[ on input line 2953.
LaTeX Info: Redefining \] on input line 2954.
) (/Users/yiwang/Library/TinyTeX/texmf-dist/tex/latex/amsfonts/amssymb.sty
Package: amssymb 2013/01/14 v3.01 AMS font symbols
(/Users/yiwang/Library/TinyTeX/texmf-dist/tex/latex/amsfonts/amsfonts.sty
Package: amsfonts 2013/01/14 v3.01 Basic AMSFonts support
\symAMSa=\mathgroup4
\symAMSb=\mathgroup5
LaTeX Font Info:    Redeclaring math symbol \hbar on input line 98.
LaTeX Font Info:    Overwriting math alphabet `\mathfrak' in version `bold'
(Font)                  U/euf/m/n --> U/euf/b/n on input line 106.
)) (/Users/yiwang/Library/TinyTeX/texmf-dist/tex/generic/iftex/iftex.sty
Package: iftex 2024/12/12 v1.0g TeX engine tests
) (/Users/yiwang/Library/TinyTeX/texmf-dist/tex/latex/unicode-math/unicode-math.sty (/Users/yiwang/Library/TinyTeX/texmf-dist/tex/latex/l3kernel/expl3.sty
Package: expl3 2024-12-25 L3 programming layer (loader) 
(/Users/yiwang/Library/TinyTeX/texmf-dist/tex/latex/l3backend/l3backend-xetex.def
File: l3backend-xetex.def 2024-05-08 L3 backend support: XeTeX
\g__graphics_track_int=\count280
\l__pdf_internal_box=\box56
\g__pdf_backend_annotation_int=\count281
\g__pdf_backend_link_int=\count282
))
Package: unicode-math 2023/08/13 v0.8r Unicode maths in XeLaTeX and LuaLaTeX
(/Users/yiwang/Library/TinyTeX/texmf-dist/tex/latex/unicode-math/unicode-math-xetex.sty
Package: unicode-math-xetex 2023/08/13 v0.8r Unicode maths in XeLaTeX and LuaLaTeX
(/Users/yiwang/Library/TinyTeX/texmf-dist/tex/latex/l3packages/xparse/xparse.sty
Package: xparse 2024-08-16 L3 Experimental document command parser
) (/Users/yiwang/Library/TinyTeX/texmf-dist/tex/latex/l3packages/l3keys2e/l3keys2e.sty
Package: l3keys2e 2024-08-16 LaTeX2e option processing using LaTeX3 keys
) (/Users/yiwang/Library/TinyTeX/texmf-dist/tex/latex/fontspec/fontspec.sty
Package: fontspec 2024/05/11 v2.9e Font selection for XeLaTeX and LuaLaTeX
(/Users/yiwang/Library/TinyTeX/texmf-dist/tex/latex/fontspec/fontspec-xetex.sty
Package: fontspec-xetex 2024/05/11 v2.9e Font selection for XeLaTeX and LuaLaTeX
\l__fontspec_script_int=\count283
\l__fontspec_language_int=\count284
\l__fontspec_strnum_int=\count285
\l__fontspec_tmp_int=\count286
\l__fontspec_tmpa_int=\count287
\l__fontspec_tmpb_int=\count288
\l__fontspec_tmpc_int=\count289
\l__fontspec_em_int=\count290
\l__fontspec_emdef_int=\count291
\l__fontspec_strong_int=\count292
\l__fontspec_strongdef_int=\count293
\l__fontspec_tmpa_dim=\dimen151
\l__fontspec_tmpb_dim=\dimen152
\l__fontspec_tmpc_dim=\dimen153
(/Users/yiwang/Library/TinyTeX/texmf-dist/tex/latex/base/fontenc.sty
Package: fontenc 2021/04/29 v2.0v Standard LaTeX package
) (/Users/yiwang/Library/TinyTeX/texmf-dist/tex/latex/fontspec/fontspec.cfg))) (/Users/yiwang/Library/TinyTeX/texmf-dist/tex/latex/base/fix-cm.sty
Package: fix-cm 2020/11/24 v1.1t fixes to LaTeX
(/Users/yiwang/Library/TinyTeX/texmf-dist/tex/latex/base/ts1enc.def
File: ts1enc.def 2001/06/05 v3.0e (jk/car/fm) Standard LaTeX file
LaTeX Font Info:    Redeclaring font encoding TS1 on input line 47.
))
\g__um_fam_int=\count294
\g__um_fonts_used_int=\count295
\l__um_primecount_int=\count296
\g__um_primekern_muskip=\muskip18
(/Users/yiwang/Library/TinyTeX/texmf-dist/tex/latex/unicode-math/unicode-math-table.tex))) (/Users/yiwang/Library/TinyTeX/texmf-dist/tex/latex/lm/lmodern.sty
Package: lmodern 2015/05/01 v1.6.1 Latin Modern Fonts
LaTeX Font Info:    Overwriting symbol font `operators' in version `normal'
(Font)                  OT1/cmr/m/n --> OT1/lmr/m/n on input line 22.
LaTeX Font Info:    Overwriting symbol font `letters' in version `normal'
(Font)                  OML/cmm/m/it --> OML/lmm/m/it on input line 23.
LaTeX Font Info:    Overwriting symbol font `symbols' in version `normal'
(Font)                  OMS/cmsy/m/n --> OMS/lmsy/m/n on input line 24.
LaTeX Font Info:    Overwriting symbol font `largesymbols' in version `normal'
(Font)                  OMX/cmex/m/n --> OMX/lmex/m/n on input line 25.
LaTeX Font Info:    Overwriting symbol font `operators' in version `bold'
(Font)                  OT1/cmr/bx/n --> OT1/lmr/bx/n on input line 26.
LaTeX Font Info:    Overwriting symbol font `letters' in version `bold'
(Font)                  OML/cmm/b/it --> OML/lmm/b/it on input line 27.
LaTeX Font Info:    Overwriting symbol font `symbols' in version `bold'
(Font)                  OMS/cmsy/b/n --> OMS/lmsy/b/n on input line 28.
LaTeX Font Info:    Overwriting symbol font `largesymbols' in version `bold'
(Font)                  OMX/cmex/m/n --> OMX/lmex/m/n on input line 29.
LaTeX Font Info:    Overwriting math alphabet `\mathbf' in version `normal'
(Font)                  OT1/cmr/bx/n --> OT1/lmr/bx/n on input line 31.
LaTeX Font Info:    Overwriting math alphabet `\mathsf' in version `normal'
(Font)                  OT1/cmss/m/n --> OT1/lmss/m/n on input line 32.
LaTeX Font Info:    Overwriting math alphabet `\mathit' in version `normal'
(Font)                  OT1/cmr/m/it --> OT1/lmr/m/it on input line 33.
LaTeX Font Info:    Overwriting math alphabet `\mathtt' in version `normal'
(Font)                  OT1/cmtt/m/n --> OT1/lmtt/m/n on input line 34.
LaTeX Font Info:    Overwriting math alphabet `\mathbf' in version `bold'
(Font)                  OT1/cmr/bx/n --> OT1/lmr/bx/n on input line 35.
LaTeX Font Info:    Overwriting math alphabet `\mathsf' in version `bold'
(Font)                  OT1/cmss/bx/n --> OT1/lmss/bx/n on input line 36.
LaTeX Font Info:    Overwriting math alphabet `\mathit' in version `bold'
(Font)                  OT1/cmr/bx/it --> OT1/lmr/bx/it on input line 37.
LaTeX Font Info:    Overwriting math alphabet `\mathtt' in version `bold'
(Font)                  OT1/cmtt/m/n --> OT1/lmtt/m/n on input line 38.
) (/Users/yiwang/Library/TinyTeX/texmf-dist/tex/latex/upquote/upquote.sty
Package: upquote 2012/04/19 v1.3 upright-quote and grave-accent glyphs in verbatim
(/Users/yiwang/Library/TinyTeX/texmf-dist/tex/latex/base/textcomp.sty
Package: textcomp 2024/04/24 v2.1b Standard LaTeX package
)) (/Users/yiwang/Library/TinyTeX/texmf-dist/tex/latex/microtype/microtype.sty
Package: microtype 2024/12/12 v3.2 Micro-typographical refinements (RS)
(/Users/yiwang/Library/TinyTeX/texmf-dist/tex/latex/etoolbox/etoolbox.sty
Package: etoolbox 2020/10/05 v2.5k e-TeX tools for LaTeX (JAW)
\etb@tempcnta=\count297
)
\MT@toks=\toks23
\MT@tempbox=\box57
\MT@count=\count298
LaTeX Info: Redefining \noprotrusionifhmode on input line 1075.
LaTeX Info: Redefining \leftprotrusion on input line 1076.
\MT@prot@toks=\toks24
LaTeX Info: Redefining \rightprotrusion on input line 1095.
LaTeX Info: Redefining \textls on input line 1437.
\MT@outer@kern=\dimen154
LaTeX Info: Redefining \microtypecontext on input line 2041.
LaTeX Info: Redefining \textmicrotypecontext on input line 2058.
\MT@listname@count=\count299
(/Users/yiwang/Library/TinyTeX/texmf-dist/tex/latex/microtype/microtype-xetex.def
File: microtype-xetex.def 2024/12/12 v3.2 Definitions specific to xetex (RS)
LaTeX Info: Redefining \lsstyle on input line 443.
LaTeX Info: Redefining \lslig on input line 451.
\MT@outer@space=\skip69
)
Package microtype Info: Loading configuration file microtype.cfg.
(/Users/yiwang/Library/TinyTeX/texmf-dist/tex/latex/microtype/microtype.cfg
File: microtype.cfg 2024/12/12 v3.2 microtype main configuration file (RS)
)
LaTeX Info: Redefining \microtypesetup on input line 3053.
) (/Users/yiwang/Library/TinyTeX/texmf-dist/tex/latex/xcolor/xcolor.sty
Package: xcolor 2024/09/29 v3.02 LaTeX color extensions (UK)
(/Users/yiwang/Library/TinyTeX/texmf-dist/tex/latex/graphics-cfg/color.cfg
File: color.cfg 2016/01/02 v1.6 sample color configuration
)
Package xcolor Info: Driver file: xetex.def on input line 274.
(/Users/yiwang/Library/TinyTeX/texmf-dist/tex/latex/graphics-def/xetex.def
File: xetex.def 2022/09/22 v5.0n Graphics/color driver for xetex
) (/Users/yiwang/Library/TinyTeX/texmf-dist/tex/latex/graphics/mathcolor.ltx)
Package xcolor Info: Model `cmy' substituted by `cmy0' on input line 1349.
Package xcolor Info: Model `RGB' extended on input line 1365.
Package xcolor Info: Model `HTML' substituted by `rgb' on input line 1367.
Package xcolor Info: Model `Hsb' substituted by `hsb' on input line 1368.
Package xcolor Info: Model `tHsb' substituted by `hsb' on input line 1369.
Package xcolor Info: Model `HSB' substituted by `hsb' on input line 1370.
Package xcolor Info: Model `Gray' substituted by `gray' on input line 1371.
Package xcolor Info: Model `wave' substituted by `hsb' on input line 1372.
) (/Users/yiwang/Library/TinyTeX/texmf-dist/tex/latex/graphics/dvipsnam.def
File: dvipsnam.def 2016/06/17 v3.0m Driver-dependent file (DPC,SPQR)
) (/Users/yiwang/Library/TinyTeX/texmf-dist/tex/latex/xcolor/svgnam.def
File: svgnam.def 2024/09/29 v3.02 Predefined colors according to SVG 1.1 (UK)
) (/Users/yiwang/Library/TinyTeX/texmf-dist/tex/latex/xcolor/x11nam.def
File: x11nam.def 2024/09/29 v3.02 Predefined colors according to Unix/X11 (UK)
) (/Users/yiwang/Library/TinyTeX/texmf-dist/tex/latex/fancyvrb/fancyvrb.sty
Package: fancyvrb 2024/01/20 4.5c verbatim text (tvz,hv)
\FV@CodeLineNo=\count300
\FV@InFile=\read2
\FV@TabBox=\box58
\c@FancyVerbLine=\count301
\FV@StepNumber=\count302
\FV@OutFile=\write3
) (/Users/yiwang/Library/TinyTeX/texmf-dist/tex/latex/framed/framed.sty
Package: framed 2011/10/22 v 0.96: framed or shaded text with page breaks
\OuterFrameSep=\skip70
\fb@frw=\dimen155
\fb@frh=\dimen156
\FrameRule=\dimen157
\FrameSep=\dimen158
) (/Users/yiwang/Library/TinyTeX/texmf-dist/tex/latex/tools/longtable.sty
Package: longtable 2024-10-27 v4.22 Multi-page Table package (DPC)
\LTleft=\skip71
\LTright=\skip72
\LTpre=\skip73
\LTpost=\skip74
\LTchunksize=\count303
\LTcapwidth=\dimen159
\LT@head=\box59
\LT@firsthead=\box60
\LT@foot=\box61
\LT@lastfoot=\box62
\LT@gbox=\box63
\LT@cols=\count304
\LT@rows=\count305
\c@LT@tables=\count306
\c@LT@chunks=\count307
\LT@p@ftn=\toks25
)
Class scrreprt Info: longtable captions redefined on input line 112.
(/Users/yiwang/Library/TinyTeX/texmf-dist/tex/latex/booktabs/booktabs.sty
Package: booktabs 2020/01/12 v1.61803398 Publication quality tables
\heavyrulewidth=\dimen160
\lightrulewidth=\dimen161
\cmidrulewidth=\dimen162
\belowrulesep=\dimen163
\belowbottomsep=\dimen164
\aboverulesep=\dimen165
\abovetopsep=\dimen166
\cmidrulesep=\dimen167
\cmidrulekern=\dimen168
\defaultaddspace=\dimen169
\@cmidla=\count308
\@cmidlb=\count309
\@aboverulesep=\dimen170
\@belowrulesep=\dimen171
\@thisruleclass=\count310
\@lastruleclass=\count311
\@thisrulewidth=\dimen172
) (/Users/yiwang/Library/TinyTeX/texmf-dist/tex/latex/tools/array.sty
Package: array 2024/10/17 v2.6g Tabular extension package (FMi)
\col@sep=\dimen173
\ar@mcellbox=\box64
\extrarowheight=\dimen174
\NC@list=\toks26
\extratabsurround=\skip75
\backup@length=\skip76
\ar@cellbox=\box65
) (/Users/yiwang/Library/TinyTeX/texmf-dist/tex/latex/tools/calc.sty
Package: calc 2023/07/08 v4.3 Infix arithmetic (KKT,FJ)
\calc@Acount=\count312
\calc@Bcount=\count313
\calc@Adimen=\dimen175
\calc@Bdimen=\dimen176
\calc@Askip=\skip77
\calc@Bskip=\skip78
LaTeX Info: Redefining \setlength on input line 80.
LaTeX Info: Redefining \addtolength on input line 81.
\calc@Ccount=\count314
\calc@Cskip=\skip79
) (/Users/yiwang/Library/TinyTeX/texmf-dist/tex/latex/mdwtools/footnote.sty
Package: footnote 1997/01/28 1.13 Save footnotes around boxes
\fn@notes=\box66
\fn@width=\dimen177
) (/Users/yiwang/Library/TinyTeX/texmf-dist/tex/latex/graphics/graphicx.sty
Package: graphicx 2021/09/16 v1.2d Enhanced LaTeX Graphics (DPC,SPQR)
(/Users/yiwang/Library/TinyTeX/texmf-dist/tex/latex/graphics/graphics.sty
Package: graphics 2024/08/06 v1.4g Standard LaTeX Graphics (DPC,SPQR)
(/Users/yiwang/Library/TinyTeX/texmf-dist/tex/latex/graphics/trig.sty
Package: trig 2023/12/02 v1.11 sin cos tan (DPC)
) (/Users/yiwang/Library/TinyTeX/texmf-dist/tex/latex/graphics-cfg/graphics.cfg
File: graphics.cfg 2016/06/04 v1.11 sample graphics configuration
)
Package graphics Info: Driver file: xetex.def on input line 106.
)
\Gin@req@height=\dimen178
\Gin@req@width=\dimen179
)
\pandoc@box=\box67
\cslhangindent=\skip80
\csllabelwidth=\skip81
(/Users/yiwang/Library/TinyTeX/texmf-dist/tex/latex/bookmark/bookmark.sty
Package: bookmark 2023-12-10 v1.31 PDF bookmarks (HO)
(/Users/yiwang/Library/TinyTeX/texmf-dist/tex/latex/hyperref/hyperref.sty
Package: hyperref 2024-11-05 v7.01l Hypertext links for LaTeX
(/Users/yiwang/Library/TinyTeX/texmf-dist/tex/latex/kvsetkeys/kvsetkeys.sty
Package: kvsetkeys 2022-10-05 v1.19 Key value parser (HO)
) (/Users/yiwang/Library/TinyTeX/texmf-dist/tex/generic/kvdefinekeys/kvdefinekeys.sty
Package: kvdefinekeys 2019-12-19 v1.6 Define keys (HO)
) (/Users/yiwang/Library/TinyTeX/texmf-dist/tex/generic/pdfescape/pdfescape.sty
Package: pdfescape 2019/12/09 v1.15 Implements pdfTeX's escape features (HO)
(/Users/yiwang/Library/TinyTeX/texmf-dist/tex/generic/ltxcmds/ltxcmds.sty
Package: ltxcmds 2023-12-04 v1.26 LaTeX kernel commands for general use (HO)
) (/Users/yiwang/Library/TinyTeX/texmf-dist/tex/generic/pdftexcmds/pdftexcmds.sty
Package: pdftexcmds 2020-06-27 v0.33 Utility functions of pdfTeX for LuaTeX (HO)
(/Users/yiwang/Library/TinyTeX/texmf-dist/tex/generic/infwarerr/infwarerr.sty
Package: infwarerr 2019/12/03 v1.5 Providing info/warning/error messages (HO)
)
Package pdftexcmds Info: \pdf@primitive is available.
Package pdftexcmds Info: \pdf@ifprimitive is available.
Package pdftexcmds Info: \pdfdraftmode not found.
)) (/Users/yiwang/Library/TinyTeX/texmf-dist/tex/latex/hycolor/hycolor.sty
Package: hycolor 2020-01-27 v1.10 Color options for hyperref/bookmark (HO)
) (/Users/yiwang/Library/TinyTeX/texmf-dist/tex/latex/hyperref/nameref.sty
Package: nameref 2023-11-26 v2.56 Cross-referencing by name of section
(/Users/yiwang/Library/TinyTeX/texmf-dist/tex/latex/refcount/refcount.sty
Package: refcount 2019/12/15 v3.6 Data extraction from label references (HO)
) (/Users/yiwang/Library/TinyTeX/texmf-dist/tex/generic/gettitlestring/gettitlestring.sty
Package: gettitlestring 2019/12/15 v1.6 Cleanup title references (HO)
(/Users/yiwang/Library/TinyTeX/texmf-dist/tex/latex/kvoptions/kvoptions.sty
Package: kvoptions 2022-06-15 v3.15 Key value format for package options (HO)
))
\c@section@level=\count315
) (/Users/yiwang/Library/TinyTeX/texmf-dist/tex/generic/stringenc/stringenc.sty
Package: stringenc 2019/11/29 v1.12 Convert strings between diff. encodings (HO)
)
\@linkdim=\dimen180
\Hy@linkcounter=\count316
\Hy@pagecounter=\count317
(/Users/yiwang/Library/TinyTeX/texmf-dist/tex/latex/hyperref/pd1enc.def
File: pd1enc.def 2024-11-05 v7.01l Hyperref: PDFDocEncoding definition (HO)
) (/Users/yiwang/Library/TinyTeX/texmf-dist/tex/generic/intcalc/intcalc.sty
Package: intcalc 2019/12/15 v1.3 Expandable calculations with integers (HO)
)
\Hy@SavedSpaceFactor=\count318
(/Users/yiwang/Library/TinyTeX/texmf-dist/tex/latex/hyperref/puenc.def
File: puenc.def 2024-11-05 v7.01l Hyperref: PDF Unicode definition (HO)
)
Package hyperref Info: Option `unicode' set `true' on input line 4040.
Package hyperref Info: Hyper figures OFF on input line 4157.
Package hyperref Info: Link nesting OFF on input line 4162.
Package hyperref Info: Hyper index ON on input line 4165.
Package hyperref Info: Plain pages OFF on input line 4172.
Package hyperref Info: Backreferencing OFF on input line 4177.
Package hyperref Info: Implicit mode ON; LaTeX internals redefined.
Package hyperref Info: Bookmarks ON on input line 4424.
\c@Hy@tempcnt=\count319
(/Users/yiwang/Library/TinyTeX/texmf-dist/tex/latex/url/url.sty
\Urlmuskip=\muskip19
Package: url 2013/09/16  ver 3.4  Verb mode for urls, etc.
)
LaTeX Info: Redefining \url on input line 4763.
\XeTeXLinkMargin=\dimen181
(/Users/yiwang/Library/TinyTeX/texmf-dist/tex/generic/bitset/bitset.sty
Package: bitset 2019/12/09 v1.3 Handle bit-vector datatype (HO)
(/Users/yiwang/Library/TinyTeX/texmf-dist/tex/generic/bigintcalc/bigintcalc.sty
Package: bigintcalc 2019/12/15 v1.5 Expandable calculations on big integers (HO)
))
\Fld@menulength=\count320
\Field@Width=\dimen182
\Fld@charsize=\dimen183
Package hyperref Info: Hyper figures OFF on input line 6042.
Package hyperref Info: Link nesting OFF on input line 6047.
Package hyperref Info: Hyper index ON on input line 6050.
Package hyperref Info: backreferencing OFF on input line 6057.
Package hyperref Info: Link coloring OFF on input line 6062.
Package hyperref Info: Link coloring with OCG OFF on input line 6067.
Package hyperref Info: PDF/A mode OFF on input line 6072.
(/Users/yiwang/Library/TinyTeX/texmf-dist/tex/latex/base/atbegshi-ltx.sty
Package: atbegshi-ltx 2021/01/10 v1.0c Emulation of the original atbegshi
package with kernel methods
)
\Hy@abspage=\count321
\c@Item=\count322
\c@Hfootnote=\count323
)
Package hyperref Info: Driver (autodetected): hxetex.
(/Users/yiwang/Library/TinyTeX/texmf-dist/tex/latex/hyperref/hxetex.def
File: hxetex.def 2024-11-05 v7.01l Hyperref driver for XeTeX
\pdfm@box=\box68
\c@Hy@AnnotLevel=\count324
\HyField@AnnotCount=\count325
\Fld@listcount=\count326
\c@bookmark@seq@number=\count327
(/Users/yiwang/Library/TinyTeX/texmf-dist/tex/latex/rerunfilecheck/rerunfilecheck.sty
Package: rerunfilecheck 2022-07-10 v1.10 Rerun checks for auxiliary files (HO)
(/Users/yiwang/Library/TinyTeX/texmf-dist/tex/latex/base/atveryend-ltx.sty
Package: atveryend-ltx 2020/08/19 v1.0a Emulation of the original atveryend package
with kernel methods
) (/Users/yiwang/Library/TinyTeX/texmf-dist/tex/generic/uniquecounter/uniquecounter.sty
Package: uniquecounter 2019/12/15 v1.4 Provide unlimited unique counter (HO)
)
Package uniquecounter Info: New unique counter `rerunfilecheck' on input line 285.
)
\Hy@SectionHShift=\skip82
) (/Users/yiwang/Library/TinyTeX/texmf-dist/tex/latex/bookmark/bkm-dvipdfm.def
File: bkm-dvipdfm.def 2023-12-10 v1.31 bookmark driver for dvipdfm (HO)
\BKM@id=\count328
)) (/Users/yiwang/Library/TinyTeX/texmf-dist/tex/latex/caption/caption.sty
Package: caption 2023/08/05 v3.6o Customizing captions (AR)
(/Users/yiwang/Library/TinyTeX/texmf-dist/tex/latex/caption/caption3.sty
Package: caption3 2023/07/31 v2.4d caption3 kernel (AR)
\caption@tempdima=\dimen184
\captionmargin=\dimen185
\caption@leftmargin=\dimen186
\caption@rightmargin=\dimen187
\caption@width=\dimen188
\caption@indent=\dimen189
\caption@parindent=\dimen190
\caption@hangindent=\dimen191
Package caption Info: KOMA-Script document class detected.
(/Users/yiwang/Library/TinyTeX/texmf-dist/tex/latex/caption/caption-koma.sto
File: caption-koma.sto 2023/09/08 v2.0e Adaption of the caption package to the KOMA-Script document classes (AR)
))
\c@caption@flags=\count329
\c@continuedfloat=\count330
Package caption Info: hyperref package is loaded.
Package caption Info: longtable package is loaded.
(/Users/yiwang/Library/TinyTeX/texmf-dist/tex/latex/caption/ltcaption.sty
Package: ltcaption 2021/01/08 v1.4c longtable captions (AR)
)
Package caption Info: KOMA-Script scrextend package detected.
\caption@addmargin@hsize=\dimen192
\caption@addmargin@linewidth=\dimen193
) (/Users/yiwang/Library/TinyTeX/texmf-dist/tex/latex/float/float.sty
Package: float 2001/11/08 v1.3d Float enhancements (AL)
\c@float@type=\count331
\float@exts=\toks27
\float@box=\box69
\@float@everytoks=\toks28
\@floatcapt=\box70
)
\@float@every@codelisting=\toks29
\c@codelisting=\count332
(/Users/yiwang/Library/TinyTeX/texmf-dist/tex/latex/caption/subcaption.sty
Package: subcaption 2023/07/28 v1.6b Sub-captions (AR)
Package caption Info: New subtype `subfigure' on input line 238.
\c@subfigure=\count333
Package caption Info: New subtype `subtable' on input line 238.
\c@subtable=\count334
)
Package hyperref Info: Option `colorlinks' set `true' on input line 228.
No file index.aux.
\openout1 = `index.aux'.

LaTeX Font Info:    Checking defaults for OML/cmm/m/it on input line 235.
LaTeX Font Info:    ... okay on input line 235.
LaTeX Font Info:    Checking defaults for OMS/cmsy/m/n on input line 235.
LaTeX Font Info:    ... okay on input line 235.
LaTeX Font Info:    Checking defaults for OT1/cmr/m/n on input line 235.
LaTeX Font Info:    ... okay on input line 235.
LaTeX Font Info:    Checking defaults for T1/cmr/m/n on input line 235.
LaTeX Font Info:    ... okay on input line 235.
LaTeX Font Info:    Checking defaults for TS1/cmr/m/n on input line 235.
LaTeX Font Info:    ... okay on input line 235.
LaTeX Font Info:    Checking defaults for TU/lmr/m/n on input line 235.
LaTeX Font Info:    ... okay on input line 235.
LaTeX Font Info:    Checking defaults for OMX/cmex/m/n on input line 235.
LaTeX Font Info:    ... okay on input line 235.
LaTeX Font Info:    Checking defaults for U/cmr/m/n on input line 235.
LaTeX Font Info:    ... okay on input line 235.
LaTeX Font Info:    Checking defaults for PD1/pdf/m/n on input line 235.
LaTeX Font Info:    ... okay on input line 235.
LaTeX Font Info:    Checking defaults for PU/pdf/m/n on input line 235.
LaTeX Font Info:    ... okay on input line 235.
Package scrbase Info: activating english \abstractname on input line 235.
Package scrbase Info: activating english \partname on input line 235.
Package scrbase Info: activating english \chaptername on input line 235.
Package scrbase Info: activating english \appendixname on input line 235.
Package scrbase Info: activating english \figurename on input line 235.
Package scrbase Info: activating english \tablename on input line 235.
Package scrbase Info: activating english \contentsname on input line 235.
Package scrbase Info: activating english \listfigurename on input line 235.
Package scrbase Info: activating english \listtablename on input line 235.
Package scrbase Info: activating english \bibname on input line 235.
Package scrbase Info: activating english \indexname on input line 235.
LaTeX Font Info:    Overwriting math alphabet `\mathrm' in version `normal'
(Font)                  OT1/lmr/m/n --> TU/lmr/m/n on input line 235.
LaTeX Font Info:    Overwriting math alphabet `\mathit' in version `normal'
(Font)                  OT1/lmr/m/it --> TU/lmr/m/it on input line 235.
LaTeX Font Info:    Overwriting math alphabet `\mathbf' in version `normal'
(Font)                  OT1/lmr/bx/n --> TU/lmr/bx/n on input line 235.
LaTeX Font Info:    Overwriting math alphabet `\mathsf' in version `normal'
(Font)                  OT1/lmss/m/n --> TU/lmss/m/n on input line 235.
LaTeX Font Info:    Overwriting math alphabet `\mathsf' in version `bold'
(Font)                  OT1/lmss/bx/n --> TU/lmss/bx/n on input line 235.
LaTeX Font Info:    Overwriting math alphabet `\mathtt' in version `normal'
(Font)                  OT1/lmtt/m/n --> TU/lmtt/m/n on input line 235.
LaTeX Font Info:    Overwriting math alphabet `\mathtt' in version `bold'
(Font)                  OT1/lmtt/m/n --> TU/lmtt/bx/n on input line 235.

Package fontspec Info: 
(fontspec)             latinmodern-math scale = 0.9999967668407183.


Package fontspec Info: 
(fontspec)             latinmodern-math scale = 0.9999967668407183.


Package fontspec Info: 
(fontspec)             latinmodern-math scale = 0.9999967668407183.


Package fontspec Info: 
(fontspec)             Font family 'latinmodern-math.otf(0)' created for font
(fontspec)             'latinmodern-math.otf' with options
(fontspec)             [Scale=MatchLowercase,BoldItalicFont={},ItalicFont={},SmallCapsFont={},Script=Math,BoldFont={latinmodern-math.otf}].
(fontspec)              
(fontspec)              This font family consists of the following NFSS
(fontspec)             series/shapes:
(fontspec)              
(fontspec)             - 'normal' (m/n) with NFSS spec.:
(fontspec)             <->s*[0.9999967668407183]"[latinmodern-math.otf]/OT:script=math;language=dflt;"
(fontspec)             - 'bold' (b/n) with NFSS spec.:
(fontspec)             <->s*[0.9999967668407183]"[latinmodern-math.otf]/OT:script=math;language=dflt;"

LaTeX Font Info:    Font shape `TU/latinmodern-math.otf(0)/m/n' will be
(Font)              scaled to size 10.95pt on input line 235.

Package fontspec Info: 
(fontspec)             latinmodern-math scale = 0.9999967668407183.


Package fontspec Info: 
(fontspec)             latinmodern-math scale = 0.9999967668407183.


Package fontspec Info: 
(fontspec)             latinmodern-math scale = 0.9999967668407183.


Package fontspec Info: 
(fontspec)             latinmodern-math scale = 0.9999967668407183.


Package fontspec Info: 
(fontspec)             latinmodern-math scale = 0.9999967668407183.


Package fontspec Info: 
(fontspec)             Font family 'latinmodern-math.otf(1)' created for font
(fontspec)             'latinmodern-math.otf' with options
(fontspec)             [Scale=MatchLowercase,BoldItalicFont={},ItalicFont={},SmallCapsFont={},Script=Math,SizeFeatures={{Size=9.3075-},{Size=6.57-9.3075,Font=latinmodern-math.otf,Style=MathScript},{Size=-6.57,Font=latinmodern-math.otf,Style=MathScriptScript}},BoldFont={latinmodern-math.otf}].
(fontspec)              
(fontspec)              This font family consists of the following NFSS
(fontspec)             series/shapes:
(fontspec)              
(fontspec)             - 'normal' (m/n) with NFSS spec.:
(fontspec)             <9.3075->s*[0.9999967668407183]"[latinmodern-math.otf]/OT:script=math;language=dflt;"<6.57-9.3075>s*[0.9999967668407183]"[latinmodern-math.otf]/OT:script=math;language=dflt;+ssty=0;"<-6.57>s*[0.9999967668407183]"[latinmodern-math.otf]/OT:script=math;language=dflt;+ssty=1;"
(fontspec)             - 'bold' (b/n) with NFSS spec.:
(fontspec)             <->s*[0.9999967668407183]"[latinmodern-math.otf]/OT:script=math;language=dflt;"

LaTeX Font Info:    Font shape `TU/latinmodern-math.otf(1)/m/n' will be
(Font)              scaled to size 10.95pt on input line 235.
LaTeX Font Info:    Encoding `OT1' has changed to `TU' for symbol font
(Font)              `operators' in the math version `normal' on input line 235.
LaTeX Font Info:    Overwriting symbol font `operators' in version `normal'
(Font)                  OT1/lmr/m/n --> TU/latinmodern-math.otf(1)/m/n on input line 235.
LaTeX Font Info:    Encoding `OT1' has changed to `TU' for symbol font
(Font)              `operators' in the math version `bold' on input line 235.
LaTeX Font Info:    Overwriting symbol font `operators' in version `bold'
(Font)                  OT1/lmr/bx/n --> TU/latinmodern-math.otf(1)/b/n on input line 235.

Package fontspec Info: 
(fontspec)             latinmodern-math scale = 0.9999967668407183.


Package fontspec Info: 
(fontspec)             latinmodern-math scale = 1.000096766517402.


Package fontspec Info: 
(fontspec)             latinmodern-math scale = 0.9999967668407183.


Package fontspec Info: 
(fontspec)             latinmodern-math scale = 1.000096766517402.


Package fontspec Info: 
(fontspec)             latinmodern-math scale = 0.9999967668407183.


Package fontspec Info: 
(fontspec)             latinmodern-math scale = 1.000096766517402.


Package fontspec Info: 
(fontspec)             latinmodern-math scale = 0.9999967668407183.


Package fontspec Info: 
(fontspec)             latinmodern-math scale = 1.000096766517402.


Package fontspec Info: 
(fontspec)             latinmodern-math scale = 0.9999967668407183.


Package fontspec Info: 
(fontspec)             latinmodern-math scale = 1.000096766517402.


Package fontspec Info: 
(fontspec)             Font family 'latinmodern-math.otf(2)' created for font
(fontspec)             'latinmodern-math.otf' with options
(fontspec)             [Scale=MatchLowercase,BoldItalicFont={},ItalicFont={},SmallCapsFont={},Script=Math,SizeFeatures={{Size=9.3075-},{Size=6.57-9.3075,Font=latinmodern-math.otf,Style=MathScript},{Size=-6.57,Font=latinmodern-math.otf,Style=MathScriptScript}},BoldFont={latinmodern-math.otf},ScaleAgain=1.0001,FontAdjustment={\fontdimen
(fontspec)             8\font =7.41315pt\relax \fontdimen 9\font
(fontspec)             =4.3143pt\relax \fontdimen 10\font =4.8618pt\relax
(fontspec)             \fontdimen 11\font =7.5117pt\relax \fontdimen 12\font
(fontspec)             =3.77776pt\relax \fontdimen 13\font =3.97485pt\relax
(fontspec)             \fontdimen 14\font =3.97485pt\relax \fontdimen 15\font
(fontspec)             =3.16455pt\relax \fontdimen 16\font =2.70465pt\relax
(fontspec)             \fontdimen 17\font =2.70465pt\relax \fontdimen 18\font
(fontspec)             =2.7375pt\relax \fontdimen 19\font =2.19pt\relax
(fontspec)             \fontdimen 22\font =2.7375pt\relax \fontdimen 20\font
(fontspec)             =0pt\relax \fontdimen 21\font =0pt\relax }].
(fontspec)              
(fontspec)              This font family consists of the following NFSS
(fontspec)             series/shapes:
(fontspec)              
(fontspec)             - 'normal' (m/n) with NFSS spec.:
(fontspec)             <9.3075->s*[1.000096766517402]"[latinmodern-math.otf]/OT:script=math;language=dflt;"<6.57-9.3075>s*[1.000096766517402]"[latinmodern-math.otf]/OT:script=math;language=dflt;+ssty=0;"<-6.57>s*[1.000096766517402]"[latinmodern-math.otf]/OT:script=math;language=dflt;+ssty=1;"
(fontspec)             - 'bold' (b/n) with NFSS spec.:
(fontspec)             <->s*[1.000096766517402]"[latinmodern-math.otf]/OT:script=math;language=dflt;"

LaTeX Font Info:    Encoding `OMS' has changed to `TU' for symbol font
(Font)              `symbols' in the math version `normal' on input line 235.
LaTeX Font Info:    Overwriting symbol font `symbols' in version `normal'
(Font)                  OMS/lmsy/m/n --> TU/latinmodern-math.otf(2)/m/n on input line 235.
LaTeX Font Info:    Encoding `OMS' has changed to `TU' for symbol font
(Font)              `symbols' in the math version `bold' on input line 235.
LaTeX Font Info:    Overwriting symbol font `symbols' in version `bold'
(Font)                  OMS/lmsy/b/n --> TU/latinmodern-math.otf(2)/b/n on input line 235.

Package fontspec Info: 
(fontspec)             latinmodern-math scale = 0.9999967668407183.


Package fontspec Info: 
(fontspec)             latinmodern-math scale = 0.9998967671640342.


Package fontspec Info: 
(fontspec)             latinmodern-math scale = 0.9999967668407183.


Package fontspec Info: 
(fontspec)             latinmodern-math scale = 0.9998967671640342.


Package fontspec Info: 
(fontspec)             latinmodern-math scale = 0.9999967668407183.


Package fontspec Info: 
(fontspec)             latinmodern-math scale = 0.9998967671640342.


Package fontspec Info: 
(fontspec)             latinmodern-math scale = 0.9999967668407183.


Package fontspec Info: 
(fontspec)             latinmodern-math scale = 0.9998967671640342.


Package fontspec Info: 
(fontspec)             latinmodern-math scale = 0.9999967668407183.


Package fontspec Info: 
(fontspec)             latinmodern-math scale = 0.9998967671640342.


Package fontspec Info: 
(fontspec)             Font family 'latinmodern-math.otf(3)' created for font
(fontspec)             'latinmodern-math.otf' with options
(fontspec)             [Scale=MatchLowercase,BoldItalicFont={},ItalicFont={},SmallCapsFont={},Script=Math,SizeFeatures={{Size=9.3075-},{Size=6.57-9.3075,Font=latinmodern-math.otf,Style=MathScript},{Size=-6.57,Font=latinmodern-math.otf,Style=MathScriptScript}},BoldFont={latinmodern-math.otf},ScaleAgain=0.9999,FontAdjustment={\fontdimen
(fontspec)             8\font =0.438pt\relax \fontdimen 9\font =2.19pt\relax
(fontspec)             \fontdimen 10\font =1.82864pt\relax \fontdimen 11\font
(fontspec)             =1.21545pt\relax \fontdimen 12\font =6.56999pt\relax
(fontspec)             \fontdimen 13\font =0pt\relax }].
(fontspec)              
(fontspec)              This font family consists of the following NFSS
(fontspec)             series/shapes:
(fontspec)              
(fontspec)             - 'normal' (m/n) with NFSS spec.:
(fontspec)             <9.3075->s*[0.9998967671640342]"[latinmodern-math.otf]/OT:script=math;language=dflt;"<6.57-9.3075>s*[0.9998967671640342]"[latinmodern-math.otf]/OT:script=math;language=dflt;+ssty=0;"<-6.57>s*[0.9998967671640342]"[latinmodern-math.otf]/OT:script=math;language=dflt;+ssty=1;"
(fontspec)             - 'bold' (b/n) with NFSS spec.:
(fontspec)             <->s*[0.9998967671640342]"[latinmodern-math.otf]/OT:script=math;language=dflt;"

LaTeX Font Info:    Encoding `OMX' has changed to `TU' for symbol font
(Font)              `largesymbols' in the math version `normal' on input line 235.
LaTeX Font Info:    Overwriting symbol font `largesymbols' in version `normal'
(Font)                  OMX/lmex/m/n --> TU/latinmodern-math.otf(3)/m/n on input line 235.
LaTeX Font Info:    Encoding `OMX' has changed to `TU' for symbol font
(Font)              `largesymbols' in the math version `bold' on input line 235.
LaTeX Font Info:    Overwriting symbol font `largesymbols' in version `bold'
(Font)                  OMX/lmex/m/n --> TU/latinmodern-math.otf(3)/b/n on input line 235.
LaTeX Info: Redefining \microtypecontext on input line 235.
Package microtype Info: Applying patch `item' on input line 235.
Package microtype Info: Applying patch `toc' on input line 235.
Package microtype Info: Applying patch `eqnum' on input line 235.
Package microtype Info: Applying patch `footnote' on input line 235.
Package microtype Info: Applying patch `verbatim' on input line 235.
LaTeX Info: Redefining \microtypesetup on input line 235.
Package microtype Info: Character protrusion enabled (level 2).
Package microtype Info: Using protrusion set `basicmath'.
Package microtype Info: No adjustment of tracking.
Package microtype Info: No adjustment of spacing.
Package microtype Info: No adjustment of kerning.
(/Users/yiwang/Library/TinyTeX/texmf-dist/tex/latex/microtype/mt-LatinModernRoman.cfg
File: mt-LatinModernRoman.cfg 2021/02/21 v1.1 microtype config. file: Latin Modern Roman (RS)
)
Package hyperref Info: Link coloring ON on input line 235.

Package hyperref Warning: Rerun to get /PageLabels entry.

Package caption Info: Begin \AtBeginDocument code.
Package caption Info: float package is loaded.
Package caption Info: End \AtBeginDocument code.
Package microtype Info: Loading generic protrusion settings for font family
(microtype)             `lmss' (encoding: TU).
(microtype)             For optimal results, create family-specific settings.
(microtype)             See the microtype manual for details.
LaTeX Font Info:    Font shape `TU/latinmodern-math.otf(1)/m/n' will be
(Font)              scaled to size 14.4pt on input line 237.
LaTeX Font Info:    Font shape `TU/latinmodern-math.otf(1)/m/n' will be
(Font)              scaled to size 10.0pt on input line 237.
LaTeX Font Info:    Font shape `TU/latinmodern-math.otf(1)/m/n' will be
(Font)              scaled to size 7.0pt on input line 237.
LaTeX Font Info:    Trying to load font information for OML+lmm on input line 237.
(/Users/yiwang/Library/TinyTeX/texmf-dist/tex/latex/lm/omllmm.fd
File: omllmm.fd 2015/05/01 v1.6.1 Font defs for Latin Modern
)
LaTeX Font Info:    Font shape `TU/latinmodern-math.otf(2)/m/n' will be
(Font)              scaled to size 14.4013pt on input line 237.
LaTeX Font Info:    Font shape `TU/latinmodern-math.otf(2)/m/n' will be
(Font)              scaled to size 10.00092pt on input line 237.
LaTeX Font Info:    Font shape `TU/latinmodern-math.otf(2)/m/n' will be
(Font)              scaled to size 7.00064pt on input line 237.
LaTeX Font Info:    Font shape `TU/latinmodern-math.otf(3)/m/n' will be
(Font)              scaled to size 14.39845pt on input line 237.
LaTeX Font Info:    Font shape `TU/latinmodern-math.otf(3)/m/n' will be
(Font)              scaled to size 9.99893pt on input line 237.
LaTeX Font Info:    Font shape `TU/latinmodern-math.otf(3)/m/n' will be
(Font)              scaled to size 6.99925pt on input line 237.
LaTeX Font Info:    Trying to load font information for U+msa on input line 237.
(/Users/yiwang/Library/TinyTeX/texmf-dist/tex/latex/amsfonts/umsa.fd
File: umsa.fd 2013/01/14 v3.01 AMS symbols A
) (/Users/yiwang/Library/TinyTeX/texmf-dist/tex/latex/microtype/mt-msa.cfg
File: mt-msa.cfg 2006/02/04 v1.1 microtype config. file: AMS symbols (a) (RS)
)
LaTeX Font Info:    Trying to load font information for U+msb on input line 237.
(/Users/yiwang/Library/TinyTeX/texmf-dist/tex/latex/amsfonts/umsb.fd
File: umsb.fd 2013/01/14 v3.01 AMS symbols B
) (/Users/yiwang/Library/TinyTeX/texmf-dist/tex/latex/microtype/mt-msb.cfg
File: mt-msb.cfg 2005/06/01 v1.0 microtype config. file: AMS symbols (b) (RS)
)

[1



]
Package tocbasic Info: character protrusion at toc deactivated on input line 242.
No file index.toc.
\tf@toc=\write4
\openout4 = `index.toc'.



[2

]

[3

]

[4

]

[5]

[6]
chapter 1.


[7

]

[8]
LaTeX Font Info:    Font shape `TU/lmtt/bx/n' in size <10.95> not available
(Font)              Font shape `TU/lmtt/b/n' tried instead on input line 664.


[9]
LaTeX Font Info:    Font shape `TU/lmtt/bx/n' in size <12> not available
(Font)              Font shape `TU/lmtt/b/n' tried instead on input line 705.


[10]

[11]

[12]

[13]

[14]
Underfull \hbox (badness 5985) in paragraph at lines 999--1001
\TU/lmr/m/n/10.95 Create \TU/lmtt/m/n/10.95 notebooks/reproducibility_demo.ipynb \TU/lmr/m/n/10.95 with the following cells (students
 []



[15]

[16]
Overfull \hbox (8.92302pt too wide) in paragraph at lines 1108--1114
[]\TU/lmr/m/n/10.95 Upload: \TU/lmtt/m/n/10.95 system_check.ipynb\TU/lmr/m/n/10.95 , \TU/lmtt/m/n/10.95 reports/environment.json\TU/lmr/m/n/10.95 , \TU/lmtt/m/n/10.95 reports/system_check.md\TU/lmr/m/n/10.95 ,
 []


Overfull \hbox (13.23183pt too wide) in paragraph at lines 1108--1114
\TU/lmtt/m/n/10.95 requirements.txt\TU/lmr/m/n/10.95 , \TU/lmtt/m/n/10.95 requirements-lock.txt\TU/lmr/m/n/10.95 , \TU/lmtt/m/n/10.95 notebooks/reproducibility_demo.ipynb\TU/lmr/m/n/10.95 ,
 []



[17]

[18]
chapter 2.


[19

]
Missing character: There is no ≤ (U+2264) in font [lmroman10-regular]:mapping=tex-text;!

Underfull \hbox (badness 1365) in paragraph at lines 1286--1289
[]\TU/lmr/m/n/10.95 Track only what’s necessary to version (e.g., \TU/lmr/m/it/10.95 small \TU/lmr/m/n/10.95 processed Parquet samples,
 []



[20]

[21]

[22]

[23]

[24]
Missing character: There is no ⋮ (U+22EE) in font [lmroman10-regular]:mapping=tex-text;!


[25]

[26]

[27]

[28]

[29]

[30]

[31]
chapter 3.

Overfull \hbox (40.01671pt too wide) in paragraph at lines 1912--1916
[]\TU/lmr/m/n/10.95 Assumptions: Students already have (from Sessions 1–2) a repo like \TU/lmtt/m/n/10.95 unified-stocks-teamX
 []



[32

]

[33]

[34]

[35]

[36]

[37]

[38]

[39]

[40]

[41]

[42]
chapter 4.


[43

]

[44]

[45]

[46]

[47]

[48]

[49]
Overfull \hbox (1.64236pt too wide) in paragraph at lines 2964--2964
[]  \TU/lmtt/m/n/10.95 -P symbol:MSFT -P start_date:2019-01-01 -P end_date:2025-08-01 -P rolling:30[] 
 []



[50]
Underfull \hbox (badness 1112) in paragraph at lines 3051--3053
\TU/lmr/bx/n/10.95 Goal: \TU/lmr/m/n/10.95 Extend hygiene and add one analytic section—\TU/lmr/bx/n/10.95 ACF plot\TU/lmr/m/n/10.95 —with proper cap-
 []



[51]

[52]
Overfull \hbox (132.45581pt too wide) in paragraph at lines 3123--3128
[]\TU/lmr/bx/n/10.95 Scope today: \TU/lmr/m/n/10.95 Filesystem navigation, pipes/redirects, \TU/lmtt/m/n/10.95 grep\TU/lmr/m/n/10.95 /\TU/lmtt/m/n/10.95 sed\TU/lmr/m/n/10.95 /\TU/lmtt/m/n/10.95 awk\TU/lmr/m/n/10.95 , \TU/lmtt/m/n/10.95 sort|uniq|wc|cut|tr|head|tail|tee\TU/lmr/m/n/10.95 ,
 []



[53]
Underfull \hbox (badness 1199) in paragraph at lines 3201--3204
[]\TU/lmr/m/n/10.95 Lets you \TU/lmr/bx/n/10.95 compose \TU/lmr/m/n/10.95 small tools with pipes: \TU/lmtt/m/n/10.95 producer | filter | summarize >
 []



[54]

[55]
Overfull \hbox (2893.26292pt too wide) in paragraph at lines 3289--3289
[]\TU/lmtt/m/n/10.95 from google.colab import drive drive.mount([]/content/drive[], force_remount=True)  REPO_OWNER = "YOUR_GITHUB_USERNAME_OR_ORG"   # <- change for your class REPO_NAME  = "unified-stocks-teamX"          # <- change BASE_DIR   = "/content/drive/MyDrive/dspt25" REPO_DIR   = f"{BASE_DIR}/{REPO_NAME}"  import pathlib, os, subprocess pathlib.Path(BASE_DIR).mkdir(parents=True, exist_ok=True) if not pathlib.Path(REPO_DIR).exists():     print("Repo not found in Drive; please clone it in Session 2/3 or adjust REPO_DIR.") else:     os.chdir(REPO_DIR)     print("Working dir:", os.getcwd())[] 
 []


Overfull \hbox (76.37608pt too wide) in paragraph at lines 3295--3295
[]\TU/lmtt/m/n/10.95 %%bash set -euo pipefail cd "/content/drive/MyDrive/dspt25/unified-stocks-teamX" pwd ls -la[] 
 []


Overfull \hbox (5233.0037pt too wide) in paragraph at lines 3305--3305
[]\TU/lmtt/m/n/10.95 # Generates data/raw/prices.csv with columns: ticker,date,adj_close,volume,log_return import pandas as pd, numpy as np, os from pathlib import Path  Path("data/raw").mkdir(parents=True, exist_ok=True) tickers = pd.read_csv("tickers_25.csv")["ticker"].tolist() if os.path.exists("tickers_25.csv") else [     "AAPL","MSFT","AMZN","GOOGL","META","NVDA","TSLA","JPM","JNJ","V",     "PG","HD","BAC","XOM","CVX","PFE","KO","DIS","NFLX","INTC","CSCO","ORCL","T","VZ","WMT" ] dates = pd.bdate_range("2020-01-01", periods=180)  # ~ 9 months rng = np.random.default_rng(7)  frames=[] for t in tickers:     r = rng.normal(0, 0.01, len(dates))     price = 100*np.exp(np.cumsum(r))     vol = rng.integers(1e5, 5e6, len(dates))     df = pd.DataFrame({"ticker": t, "date": dates, "adj_close": price, "volume": vol})     df["log_return"] = np.log(df["adj_close"]).diff().fillna(0)     frames.append(df)  out = pd.concat(frames, ignore_index=True) out.to_csv("data/raw/prices.csv", index=False) out.head()[] 
 []


Overfull \hbox (1755.01071pt too wide) in paragraph at lines 3314--3314
[]\TU/lmtt/m/n/10.95 %%bash set -euo pipefail cd "/content/drive/MyDrive/dspt25/unified-stocks-teamX"  # How many lines? (including header) wc -l data/raw/prices.csv | tee reports/prices_wc.txt  # First 5 lines, save to a sample head -n 5 data/raw/prices.csv | tee data/raw/prices_sample.csv  # Show ticker column only (field 1), excluding header cut -d, -f1 data/raw/prices.csv | tail -n +2 | head -n 10[] 
 []


Overfull \hbox (2059.69441pt too wide) in paragraph at lines 3324--3324
[]\TU/lmtt/m/n/10.95 %%bash set -euo pipefail cd "/content/drive/MyDrive/dspt25/unified-stocks-teamX"  # All rows for NVDA OR MSFT (extended regex with alternation) grep -E []^(NVDA|MSFT),[] data/raw/prices.csv | head -n 3  # Rows where ticker starts with a vowel (A, E, I, O, U) grep -E []^(A|E|I|O|U)[A-Z]*,[] data/raw/prices.csv | head -n 3  # Count rows per ticker quickly (just for demo) cut -d, -f1 data/raw/prices.csv | tail -n +2 | sort | uniq -c | head[] 
 []



[56]
Overfull \hbox (4192.4801pt too wide) in paragraph at lines 3339--3339
[]\TU/lmtt/m/n/10.95 %%bash set -euo pipefail cd "/content/drive/MyDrive/dspt25/unified-stocks-teamX"  # Make a copy so we don[]t touch the raw file cp data/raw/prices.csv data/interim || mkdir -p data/interim && cp data/raw/prices.csv data/interim cp data/interim/prices.csv data/interim/prices_copy.csv  # Replace ISO date dashes with slashes (2020-01-02 -> 2020/01/02) in-place sed -i []1!s/\([0-9]\{4\}\)-\([0-9]\{2\}\)-\([0-9]\{2\}\)/\1\/\2\/\3/g[] data/interim/prices_copy.csv  # Normalize ticker to lowercase (first column) using sed[]s capture groups and tolower via awk (hybrid example) head -n 1 data/interim/prices_copy.csv > data/interim/prices_lower.csv tail -n +2 data/interim/prices_copy.csv | awk -F, []BEGIN{OFS=","}{ $1=tolower($1); print }[] >> data/interim/prices_lower.csv  head -n 3 data/interim/prices_lower.csv[] 
 []


Overfull \hbox (2766.79051pt too wide) in paragraph at lines 3348--3348
[]\TU/lmtt/m/n/10.95 %%bash set -euo pipefail cd "/content/drive/MyDrive/dspt25/unified-stocks-teamX"  # Compute mean log_return per ticker (skip header). -F, sets comma as field separator. awk -F, []NR>1 { sum[$1]+=$5; n[$1]++ } END { OFS=","; print "ticker","mean_log_return"; for (t in sum) print t, sum[t]/n[t] }[] data/raw/prices.csv \ | sort -t, -k2,2nr | head  # Top 5 dates with highest absolute log_return for NVDA awk -F, []NR>1 && $1=="NVDA" { print $2, $5 }[] data/raw/prices.csv \ | awk []{ if ($2<0) s=-$2; else s=$2; print $1","$2","s }[] \ | sort -t, -k3,3nr | head -n 5[] 
 []


Overfull \hbox (2847.2729pt too wide) in paragraph at lines 3375--3375
[]\TU/lmtt/m/n/10.95 %%bash set -euo pipefail cd "/content/drive/MyDrive/dspt25/unified-stocks-teamX"  # Unique tickers actually present in the file cut -d, -f1 data/raw/prices.csv | tail -n +2 | sort | uniq > data/interim/tickers_in_data.txt  # Compare to our canonical list from tickers_25.csv cut -d, -f1 tickers_25.csv | tail -n +2 | sort > data/interim/tickers_25.txt  echo "Only in data:"; comm -23 data/interim/tickers_in_data.txt data/interim/tickers_25.txt | sed []s/^/  /[] echo "Only in canonical:"; comm -13 data/interim/tickers_in_data.txt data/interim/tickers_25.txt | sed []s/^/  /[][] 
 []



[57]
Overfull \hbox (2542.58931pt too wide) in paragraph at lines 3385--3385
[]\TU/lmtt/m/n/10.95 %%bash set -euo pipefail cd "/content/drive/MyDrive/dspt25/unified-stocks-teamX"  # Show all CSVs under data/, printing sizes find data -type f -name "*.csv" -printf "%p,%s bytes\n" | sort | head  # Count lines in each CSV (null-safe for weird filenames) find data -type f -name "*.csv" -print0 | xargs -0 -I{} sh -c []echo -n "{},"; wc -l < "{}"[]  # Gzip-compress any CSV larger than ~1MB (demo threshold: 1e6 bytes) find data -type f -name "*.csv" -size +1000k -print0 | xargs -0 -I{} gzip -kf "{}"  # -k keeps original[] 
 []


Overfull \hbox (8061.38814pt too wide) in paragraph at lines 3400--3400
[]\TU/lmtt/m/n/10.95 %%bash set -euo pipefail cd "/content/drive/MyDrive/dspt25/unified-stocks-teamX" mkdir -p scripts  cat > scripts/qa_csv.sh << []EOF[] #!/usr/bin/env bash # Simple CSV health check # Usage: scripts/qa_csv.sh path/to/file.csv required_columns_csv set -euo pipefail IFS=$[]\n\t[]  FILE="${1:-}" REQUIRED="${2:-ticker,date,adj_close,volume,log_return}"  err() { echo "ERROR: $*" >&2; exit 1; } [[ -z "$FILE" ]] && err "No CSV file provided." [[ ! -f "$FILE" ]] && err "File not found: $FILE"  # 1) Non-empty and header present LINES=$(wc -l < "$FILE" || true) [[ "${LINES:-0}" -lt 2 ]] && err "File has <2 lines (missing data?): $FILE"  HEADER=$(head -n 1 "$FILE") # 2) All required columns present IFS=[],[] read -r -a req <<< "$REQUIRED" for col in "${req[@]}"; do   echo "$HEADER" | grep -q -E "(^|,)${col}(,|$)" || err "Missing required column: $col" done  # 3) No obvious NA/blank values in required numeric cols (basic check) NUMERIC="adj_close,volume,log_return" IFS=[],[] read -r -a nums <<< "$NUMERIC" for col in "${nums[@]}"; do   # find column index   idx=$(awk -F, -v COL="$col" []NR==1{for(i=1;i<=NF;i++) if($i==COL) print i}[] "$FILE")   [[ -z "${idx:-}" ]] && err "Column not found: $col"   # check any blank values from row 2 onward   bad=$(awk -F, -v I="$idx" []NR>1 && ($I=="" || $I=="NA") {c++} END{print c+0}[] "$FILE")   [[ "$bad" -gt 0 ]] && err "Found $bad blank/NA in column: $col" done  echo "OK: $FILE passed basic CSV QA ($LINES lines)." EOF  chmod +x scripts/qa_csv.sh[] 
 []


Overfull \hbox (231.5923pt too wide) in paragraph at lines 3406--3406
[]\TU/lmtt/m/n/10.95 %%bash set -euo pipefail cd "/content/drive/MyDrive/dspt25/unified-stocks-teamX" scripts/qa_csv.sh data/raw/prices.csv[] 
 []


Underfull \hbox (badness 2644) in paragraph at lines 3422--3426
[]\TU/lmr/m/n/10.95 Prefer \TU/lmr/bx/n/10.95 null‑safe \TU/lmtt/m/n/10.95 find … -print0 | xargs -0 \TU/lmr/m/n/10.95 patterns; always quote variables:
 []



[58]
Overfull \hbox (4152.23894pt too wide) in paragraph at lines 3451--3451
[]\TU/lmtt/m/n/10.95 %%bash set -euo pipefail cd "/content/drive/MyDrive/dspt25/unified-stocks-teamX" mkdir -p reports data/interim  # 1) Count lines and unique tickers {    echo "Lines (incl header): $(wc -l < data/raw/prices.csv)";   echo "Unique tickers: $(cut -d, -f1 data/raw/prices.csv | tail -n +2 | sort | uniq | wc -l)"; } | tee reports/data_counts.txt  # 2) Top-10 days by absolute log_return across all tickers tail -n +2 data/raw/prices.csv \ | awk -F, []{a=$5; if(a<0) a=-a; print $1","$2","$5","a}[] \ | sort -t, -k4,4nr | head -n 10 \ | tee reports/top10_abs_moves.csv  # 3) Mean log_return per ticker (CSV) awk -F, []NR>1 { s[$1]+=$5; n[$1]++ } END { OFS=","; print "ticker,mean_log_return"; for(t in s) print t, s[t]/n[t] }[] \   data/raw/prices.csv | sort -t, -k2,2nr | tee reports/mean_return_by_ticker.csv[] 
 []


Overfull \hbox (2772.53923pt too wide) in paragraph at lines 3461--3461
[]\TU/lmtt/m/n/10.95 %%bash set -euo pipefail cd "/content/drive/MyDrive/dspt25/unified-stocks-teamX" mkdir -p data/interim  # Extract header once HEADER=$(head -n 1 data/raw/prices.csv)  # Create per-ticker files with header + rows (null-safe not necessary here) cut -d, -f1 data/raw/prices.csv | tail -n +2 | sort | uniq | while read -r T; do   mkdir -p "data/interim/ticker=${T}"   {     echo "$HEADER"     awk -F, -v TK="$T" []NR==1 || $1==TK[] data/raw/prices.csv   } > "data/interim/ticker=${T}/prices_${T}.csv" done  # Verify one example ls -la data/interim/ticker=AAPL | head[] 
 []


Overfull \hbox (2858.77046pt too wide) in paragraph at lines 3471--3471
[]\TU/lmtt/m/n/10.95 %%bash set -euo pipefail cd "/content/drive/MyDrive/dspt25/unified-stocks-teamX"  # Append or create a Makefile {   echo ""   echo "qa:"   echo "\tscripts/qa_csv.sh data/raw/prices.csv"   echo ""   echo "split-by-ticker:"   echo "\tbash -c []HEADER=\$(head -n 1 data/raw/prices.csv); cut -d, -f1 data/raw/prices.csv | tail -n +2 | sort | uniq | while read -r T; do mkdir -p data/interim/ticker=\$\$T; { echo \"\$\$HEADER\"; awk -F, -v TK=\"\$\$T\" []\"[]NR==1 || \$1==TK[]\"[] data/raw/prices.csv; } > data/interim/ticker=\$\$T/prices_\$\$T.csv; done[]" } >> Makefile  cat Makefile[] 
 []


Overfull \hbox (179.85356pt too wide) in paragraph at lines 3477--3477
[]\TU/lmtt/m/n/10.95 %%bash set -euo pipefail cd "/content/drive/MyDrive/dspt25/unified-stocks-teamX" make qa make split-by-ticker[] 
 []


Overfull \hbox (3778.5703pt too wide) in paragraph at lines 3489--3489
[]\TU/lmtt/m/n/10.95 %%bash set -euo pipefail cd "/content/drive/MyDrive/dspt25/unified-stocks-teamX"  {   echo "# Mini EDA (shell-only)"   echo "Generated: $(date)"   echo   echo "## Counts"   echo "Lines (incl header): $(wc -l < data/raw/prices.csv)"   echo "Unique tickers: $(cut -d, -f1 data/raw/prices.csv | tail -n +2 | sort | uniq | wc -l)"   echo   echo "## Top 5 absolute daily moves"   tail -n +2 data/raw/prices.csv \   | awk -F, []{a=$5; if(a<0) a=-a; print $1","$2","$5","a}[] \   | sort -t, -k4,4nr | head -n 5   echo   echo "## Mean log_return by ticker (top 10)"   awk -F, []NR>1 { s[$1]+=$5; n[$1]++ } END { for(t in s) printf "%s,%.6f\n", t, s[t]/n[t] }[] \     data/raw/prices.csv | sort -t, -k2,2nr | head -n 10 } | tee reports/mini_eda.txt[] 
 []



[59]
Overfull \hbox (1157.14085pt too wide) in paragraph at lines 3499--3499
[]\TU/lmtt/m/n/10.95 %%bash set -euo pipefail cd "/content/drive/MyDrive/dspt25/unified-stocks-teamX" git add scripts/qa_csv.sh data/raw/prices.csv data/interim reports/*.txt reports/*.csv Makefile git status git commit -m "feat(shell): data QA script, per-ticker split, shell mini-EDA, Make targets"[] 
 []


Overfull \hbox (1778.00569pt too wide) in paragraph at lines 3503--3503
[]\TU/lmtt/m/n/10.95 from getpass import getpass import os, subprocess token = getpass("GitHub token (not stored): ") REPO_OWNER = "YOUR_GITHUB_USERNAME_OR_ORG" REPO_NAME  = "unified-stocks-teamX" push_url = f"https://{token}@github.com/{REPO_OWNER}/{REPO_NAME}.git" # Push current HEAD to main (adjust if you prefer a branch + PR) subprocess.run(["git", "push", push_url, "HEAD:main"], check=True) del token[] 
 []


Overfull \hbox (70.71931pt too wide) in paragraph at lines 3514--3519
[]\TU/lmtt/m/n/10.95 reports/data_counts.txt\TU/lmr/m/n/10.95 , \TU/lmtt/m/n/10.95 reports/top10_abs_moves.csv\TU/lmr/m/n/10.95 , \TU/lmtt/m/n/10.95 reports/mean_return_by_ticker.csv\TU/lmr/m/n/10.95 ,
 []



[60]

[61]
chapter 5.


[62

]
Underfull \hbox (badness 1668) in paragraph at lines 3694--3698
[]\TU/lmr/bx/n/10.95 Keys\TU/lmr/m/n/10.95 : \TU/lmtt/m/n/10.95 ssh-keygen -t ed25519 -C "you@school.edu"\TU/lmr/m/n/10.95 ; add the \TU/lmr/bx/n/10.95 public \TU/lmr/m/n/10.95 key to
 []



[63]

[64]

[65]

[66]

[67]

[68]

[69]

[70]

[71]

[72]

[73]

[74]
Underfull \hbox (badness 2213) in paragraph at lines 4304--4311
[]\TU/lmtt/m/n/10.95 make all \TU/lmr/m/n/10.95 runs from a fresh clone (with minimal edits for tokens/Quarto in-
 []


Underfull \hbox (badness 1596) in paragraph at lines 4304--4311
\TU/lmr/m/n/10.95 stall) and produces: \TU/lmtt/m/n/10.95 data/raw/prices.csv\TU/lmr/m/n/10.95 , \TU/lmtt/m/n/10.95 data/processed/features.parquet\TU/lmr/m/n/10.95 ,
 []



[75]
Underfull \hbox (badness 2635) in paragraph at lines 4331--4334
[]\TU/lmr/m/n/10.95 Have one slide that visually shows the \TU/lmr/bx/n/10.95 dependency graph\TU/lmr/m/n/10.95 : \TU/lmtt/m/n/10.95 prices.csv →
 []



[76]
chapter 6.

Underfull \hbox (badness 1902) in paragraph at lines 4370--4374
[]\TU/lmr/bx/n/10.95 Assumptions: \TU/lmr/m/n/10.95 You’re continuing in the same Drive‑mounted repo (e.g.,
 []



[77

]
Missing character: There is no ≥ (U+2265) in font [lmroman10-regular]:mapping=tex-text;!


[78]

[79]
Underfull \hbox (badness 10000) in paragraph at lines 4552--4553
[]\TU/lmtt/m/n/10.95 prices(ticker TEXT NOT NULL, date TEXT NOT NULL, adj_close REAL NOT
 []


Underfull \hbox (badness 10000) in paragraph at lines 4552--4553
\TU/lmtt/m/n/10.95 NULL, volume INTEGER NOT NULL, log_return REAL NOT NULL, PRIMARY KEY
 []



[80]

[81]

[82]

[83]

[84]

[85]

[86]
Overfull \vbox (1.70934pt too high) detected at line 4955
 []



[87]

[88]
Underfull \hbox (badness 1796) in paragraph at lines 5017--5020
[]\TU/lmtt/m/n/10.95 sector_top_moves.sql\TU/lmr/m/n/10.95 : top 10 absolute daily moves per sector (date, ticker,
 []



[89]
Underfull \hbox (badness 10000) in paragraph at lines 5092--5093
\TU/lmtt/m/it/10.95 SELECT c.date, p.ticker FROM calendar c LEFT JOIN prices p ... WHERE p.date
 []



[90]
Underfull \hbox (badness 10000) in paragraph at lines 5103--5107
[]\TU/lmtt/m/n/10.95 scripts/build_db.py\TU/lmr/m/n/10.95 , \TU/lmtt/m/n/10.95 scripts/run_sql.py\TU/lmr/m/n/10.95 , \TU/lmtt/m/n/10.95 sql/*.sql\TU/lmr/m/n/10.95 , updated \TU/lmtt/m/n/10.95 Makefile\TU/lmr/m/n/10.95 ,
 []


Underfull \hbox (badness 2020) in paragraph at lines 5118--5122
[]\TU/lmtt/m/n/10.95 data/prices.db \TU/lmr/m/n/10.95 builds from \TU/lmtt/m/n/10.95 make db \TU/lmr/m/n/10.95 and contains \TU/lmr/bx/n/10.95 meta \TU/lmr/m/n/10.95 + \TU/lmr/bx/n/10.95 prices \TU/lmr/m/n/10.95 with PK
 []


Underfull \hbox (badness 3623) in paragraph at lines 5125--5129
[]\TU/lmtt/m/n/10.95 sql/sector_top_moves.sql\TU/lmr/m/n/10.95 , \TU/lmtt/m/n/10.95 sql/ticker_activity.sql\TU/lmr/m/n/10.95 , \TU/lmtt/m/n/10.95 sql/range_summary.sql
 []

Missing character: There is no ⟷ (U+27F7) in font [lmmono10-regular]:!
Missing character: There is no ↔ (U+2194) in font [lmroman10-regular]:mapping=tex-text;!


[91]
chapter 7.
LaTeX Font Info:    Font shape `TU/lmtt/bx/n' in size <20.74> not available
(Font)              Font shape `TU/lmtt/b/n' tried instead on input line 5176.
LaTeX Font Info:    Font shape `TU/lmtt/bx/n' in size <14.4> not available
(Font)              Font shape `TU/lmtt/b/n' tried instead on input line 5208.


[92

]
Missing character: There is no ⇒ (U+21D2) in font [lmroman10-regular]:mapping=tex-text;!
Missing character: There is no ≤ (U+2264) in font [lmroman10-regular]:mapping=tex-text;!
Missing character: There is no ⇒ (U+21D2) in font [lmroman10-regular]:mapping=tex-text;!

Underfull \hbox (badness 1412) in paragraph at lines 5310--5313
[]\TU/lmr/bx/n/10.95 Top‑k per group: \TU/lmr/m/n/10.95 compute \TU/lmtt/m/n/10.95 ROW_NUMBER() OVER (PARTITION BY key ORDER BY
 []



[93]

[94]
Underfull \vbox (badness 10000) detected at line 5416
 []


Underfull \vbox (badness 10000) detected at line 5416
 []



[95]
Missing character: There is no ≤ (U+2264) in font [lmroman10-regular]:mapping=tex-text;!


[96]

[97]

[98]

[99]

[100]

[101]

[102]

[103]
Overfull \hbox (26.27985pt too wide) in paragraph at lines 5884--5887
[]\TU/lmtt/m/n/10.95 scripts/build_features_sql.py \TU/lmr/m/n/10.95 runs and writes \TU/lmtt/m/n/10.95 data/processed/features_sql.parquet\TU/lmr/m/n/10.95 . 
 []

Missing character: There is no ≥ (U+2265) in font [lmroman10-regular]:mapping=tex-text;!

Underfull \hbox (badness 1028) in paragraph at lines 5910--5913
[]\TU/lmr/m/n/10.95 Keep one slide showing the difference between \TU/lmtt/b/n/10.95 ROWS BETWEEN 19 PRECEDING AND
 []



[104]
chapter 8.

Overfull \hbox (25.08818pt too wide) in paragraph at lines 5998--6002
[]\TU/lmr/bx/n/10.95 (35 min) In‑class lab\TU/lmr/m/n/10.95 : clean & join → set dtypes → write \TU/lmtt/m/n/10.95 data/processed/prices.parquet
 []



[105

]
Underfull \hbox (badness 5403) in paragraph at lines 6018--6023
[]\TU/lmr/m/n/10.95 Minimal columns (snake_case): \TU/lmtt/m/n/10.95 date (datetime64[ns])\TU/lmr/m/n/10.95 , \TU/lmtt/m/n/10.95 ticker (category)\TU/lmr/m/n/10.95 ,
 []

Missing character: There is no ⟵ (U+27F5) in font [lmroman10-regular]:mapping=tex-text;!
Missing character: There is no ⟶ (U+27F6) in font [lmroman10-regular]:mapping=tex-text;!

Overfull \hbox (47.54477pt too wide) in paragraph at lines 6037--6041
[]\TU/lmtt/b/n/10.95 assign\TU/lmr/m/n/10.95 : add/transform columns without breaking the chain: \TU/lmtt/m/n/10.95 df = df.assign(adj_close=lambda
 []


Overfull \hbox (184.84897pt too wide) in paragraph at lines 6041--6043
[]\TU/lmtt/b/n/10.95 pipe\TU/lmr/m/n/10.95 : compose small, testable transforms: \TU/lmtt/m/n/10.95 df = (raw.pipe(standardize_columns).pipe(clean_prices).pipe(join_meta,
 []



[106]
Missing character: There is no ✏ (U+270F) in font [lmmono10-regular]:!
Missing character: There is no ️ (U+FE0F) in font [lmmono10-regular]:!


[107]

[108]

[109]
Underfull \vbox (badness 10000) detected at line 6253
 []


Underfull \vbox (badness 10000) detected at line 6253
 []



[110]

[111]

[112]
LaTeX Font Info:    Font shape `TU/latinmodern-math.otf(1)/m/n' will be
(Font)              scaled to size 7.665pt on input line 6378.
LaTeX Font Info:    Font shape `TU/latinmodern-math.otf(1)/m/n' will be
(Font)              scaled to size 5.475pt on input line 6378.
LaTeX Font Info:    Font shape `TU/latinmodern-math.otf(2)/m/n' will be
(Font)              scaled to size 10.95099pt on input line 6378.
LaTeX Font Info:    Font shape `TU/latinmodern-math.otf(2)/m/n' will be
(Font)              scaled to size 7.66568pt on input line 6378.
LaTeX Font Info:    Font shape `TU/latinmodern-math.otf(2)/m/n' will be
(Font)              scaled to size 5.4755pt on input line 6378.
LaTeX Font Info:    Font shape `TU/latinmodern-math.otf(3)/m/n' will be
(Font)              scaled to size 10.94882pt on input line 6378.
LaTeX Font Info:    Font shape `TU/latinmodern-math.otf(3)/m/n' will be
(Font)              scaled to size 7.66417pt on input line 6378.
LaTeX Font Info:    Font shape `TU/latinmodern-math.otf(3)/m/n' will be
(Font)              scaled to size 5.47441pt on input line 6378.


[113]
Overfull \hbox (97.8874pt too wide) in paragraph at lines 6464--6469
[]\TU/lmr/m/n/10.95 Add \TU/lmtt/b/n/10.95 year \TU/lmr/m/n/10.95 (Int16) and \TU/lmtt/b/n/10.95 is_month_end \TU/lmr/m/n/10.95 (BooleanDtype): \TU/lmtt/m/n/10.95 r["year"] = r["date"].dt.year.astype("Int16")
 []



[114]

[115]

[116]
chapter 9.


[117

]
chapter 10.


[118

]

[119]

[120]

[121]

[122]

[123]

[124]

[125]
chapter 11.


[126

]
chapter 12.

Underfull \hbox (badness 1377) in paragraph at lines 7003--7006
[]\TU/lmr/bx/n/10.95 (10 min) \TU/lmr/m/n/10.95 Slides: secrets (\TU/lmtt/m/n/10.95 python-dotenv\TU/lmr/m/n/10.95 ), file layout (\TU/lmtt/m/n/10.95 .env\TU/lmr/m/n/10.95 , \TU/lmtt/m/n/10.95 .env.template\TU/lmr/m/n/10.95 ),
 []



[127

]

[128]

[129]

[130]

[131]
Underfull \vbox (badness 10000) detected at line 7293
 []


Underfull \vbox (badness 10000) detected at line 7293
 []



[132]

[133]

[134]
chapter 13.


[135

]
chapter 14.


[136

]
Missing character: There is no ↔ (U+2194) in font [lmroman10-regular]:mapping=tex-text;!


[137]
Missing character: There is no ↔ (U+2194) in font [lmsans10-bold]:mapping=tex-text;!


[138]

[139]

[140]

[141]

[142]

[143]
chapter 15.

Overfull \hbox (59.23392pt too wide) in paragraph at lines 7747--7753
[]\TU/lmr/bx/n/10.95 Assumptions: \TU/lmr/m/n/10.95 You completed Session 9–12 and have \TU/lmtt/m/n/10.95 data/processed/features_v1.parquet
 []



[144

]

[145]

[146]

[147]

[148]

[149]
Overfull \hbox (20.57939pt too wide) in paragraph at lines 8101--8104
[]\TU/lmr/m/n/10.95 If a test fails on your real data, fix your pipeline (e.g., regenerate \TU/lmtt/m/n/10.95 features_v1.parquet\TU/lmr/m/n/10.95 )
 []



[150]

[151]

[152]

[153]
Underfull \hbox (badness 2469) in paragraph at lines 8334--8337
[]\TU/lmtt/m/n/10.95 reports/health.ipynb \TU/lmr/m/n/10.95 and \TU/lmtt/m/n/10.95 reports/health.md/.json \TU/lmr/m/n/10.95 exist and integrate into
 []



[154]

[155]
chapter 16.


[156

]

[157]

[158]

[159]

[160]

[161]

[162]

[163]

[164]

[165]
chapter 17.


[166

]
Missing character: There is no ≈ (U+2248) in font [lmroman10-regular]:mapping=tex-text;!


[167]

[168]

[169]
Missing character: There is no ≈ (U+2248) in font [lmmono10-regular]:!
Missing character: There is no ≈ (U+2248) in font [lmmono10-regular]:!


[170]

[171]
Underfull \vbox (badness 10000) detected at line 9302
 []


Underfull \vbox (badness 10000) detected at line 9302
 []



[172]

[173]

[174]
Underfull \vbox (badness 10000) detected at line 9440
 []


Underfull \vbox (badness 10000) detected at line 9440
 []



[175]

[176]

[177]
Missing character: There is no ⇒ (U+21D2) in font [lmroman10-regular]:mapping=tex-text;!


[178]
chapter 18.

Underfull \hbox (badness 1694) in paragraph at lines 9587--9592
[]\TU/lmr/bx/n/10.95 Educational use only — not trading advice. \TU/lmr/m/n/10.95 Assumes your repo
 []


Underfull \hbox (badness 3088) in paragraph at lines 9587--9592
\TU/lmr/m/n/10.95 (e.g., \TU/lmtt/m/n/10.95 unified-stocks-teamX\TU/lmr/m/n/10.95 ) with \TU/lmtt/m/n/10.95 data/processed/returns.parquet \TU/lmr/m/n/10.95 and
 []



[179

]
Underfull \hbox (badness 10000) in paragraph at lines 9696--9699
[]\TU/lmr/bx/n/10.95 Per‑split summary\TU/lmr/m/n/10.95 : \TU/lmtt/m/n/10.95 split, train_range, val_range, model, macro_mae,
 []



[180]

[181]

[182]

[183]

[184]
Underfull \vbox (badness 10000) detected at line 9930
 []


Underfull \vbox (badness 10000) detected at line 9930
 []



[185]
Missing character: There is no ⚠ (U+26A0) in font [lmroman10-regular]:mapping=tex-text;!
Missing character: There is no ️ (U+FE0F) in font [lmroman10-regular]:mapping=tex-text;!
Missing character: There is no ⚠ (U+26A0) in font [lmroman10-regular]:mapping=tex-text;!
Missing character: There is no ️ (U+FE0F) in font [lmroman10-regular]:mapping=tex-text;!
Missing character: There is no ⚠ (U+26A0) in font [lmroman10-regular]:mapping=tex-text;!
Missing character: There is no ️ (U+FE0F) in font [lmroman10-regular]:mapping=tex-text;!


[186]
LaTeX Font Info:    Font shape `TU/lmss/bx/it' in size <12> not available
(Font)              Font shape `TU/lmss/bx/sl' tried instead on input line 9993.


[187]
Underfull \vbox (badness 10000) detected at line 10104
 []


Underfull \vbox (badness 10000) detected at line 10104
 []



[188]

[189]

[190]
Missing character: There is no ⇒ (U+21D2) in font [lmroman10-regular]:mapping=tex-text;!

Underfull \hbox (badness 10000) in paragraph at lines 10255--10258
[]\TU/lmtt/m/n/10.95 scripts/eval_linlags.py \TU/lmr/m/n/10.95 runs and writes \TU/lmtt/m/n/10.95 reports/linlags_summary.csv \TU/lmr/m/n/10.95 +
 []



[191]

[192]
chapter 19.
Missing character: There is no ≠ (U+2260) in font [lmroman10-regular]:mapping=tex-text;!


[193

]
Missing character: There is no ⇒ (U+21D2) in font [lmroman10-regular]:mapping=tex-text;!
Missing character: There is no ⇒ (U+21D2) in font [lmroman10-regular]:mapping=tex-text;!
Missing character: There is no ≥ (U+2265) in font [lmroman10-regular]:mapping=tex-text;!

Overfull \hbox (35.41397pt too wide) in paragraph at lines 10390--10394
[]\TU/lmr/bx/n/10.95 t+5 log return \TU/lmr/m/n/10.95 (multi‑step): \TU/lmtt/m/n/10.95 r_5d = log_return.shift(-1) + … + log_return.shift(-5)
 []

Missing character: There is no ≤ (U+2264) in font [lmroman10-bold]:mapping=tex-text;!


[194]

[195]

[196]

[197]
Overfull \vbox (1.77504pt too high) detected at line 10614
 []



[198]

[199]

[200]
Missing character: There is no ≥ (U+2265) in font [lmmono10-regular]:!
Missing character: There is no ≤ (U+2264) in font [lmmono10-regular]:!


[201]

[202]

[203]
Overfull \hbox (283.33105pt too wide) in paragraph at lines 10887--10887
[]\TU/lmtt/m/n/10.95 - Intentionally create a leaked feature (e.g., []lag1 = log_return.shift(-1)[]) on your copy to show tests **failing**, then fix.[] 
 []


Overfull \hbox (110.86859pt too wide) in paragraph at lines 10887--10887
[]\TU/lmtt/m/n/10.95 - Decide an anchor date policy for universe freeze; today’s lab uses **first split’s train end**.[] 
 []

Missing character: There is no ≤ (U+2264) in font [lmmono10-regular]:!

Overfull \hbox (53.3811pt too wide) in paragraph at lines 10887--10887
[]\TU/lmtt/m/n/10.95 - Tests are your **guardrails**—if they go red, **don’t** relax them; fix the pipeline.[] 
 []


Overfull \hbox (87.87357pt too wide) in paragraph at lines 10887--10887
[]\TU/lmtt/m/n/10.95 - []data/static/universe_YYYY-MM-DD.csv[] created; []features_v1_static.parquet[] filtered by it.[] 
 []


Overfull \hbox (110.86859pt too wide) in paragraph at lines 10887--10887
[]\TU/lmtt/m/n/10.95 - Leakage tests present and **green** on the clean pipeline; **red** if you inject a future‑peek.[] 
 []


Overfull \hbox (271.83356pt too wide) in paragraph at lines 10887--10887
[]\TU/lmtt/m/n/10.95 You now have a **credibility layer** on top of your data pipeline—ready to analyze regimes and calibration next (Session 18).[] 
 []


Overfull \hbox (582.26593pt too wide) in paragraph at lines 10887--10887
[]\TU/lmtt/m/n/10.95 <!-- quarto-file-metadata: eyJyZXNvdXJjZURpciI6Ii4iLCJib29rSXRlbVR5cGUiOiJjaGFwdGVyIiwiYm9va0l0ZW1OdW1iZXIiOjE4LCJib29rSXRlbUZpbGUiOiJsZWMxOC5xbWQiLCJib29rSXRlbURlcHRoIjowfQ== -->[] 
 []


Overfull \hbox (214.34607pt too wide) in paragraph at lines 10887--10887
[][][][][][][][]\TU/lmtt/m/n/10.95 {.quarto-title-block template=[]/Users/yiwang/Applications/quarto/share/projects/book/pandoc/title-block.md[]}[] 
 []



[204]
Underfull \hbox (badness 3088) in paragraph at lines 10899--10904
\TU/lmr/m/n/10.95 (e.g., \TU/lmtt/m/n/10.95 unified-stocks-teamX\TU/lmr/m/n/10.95 ) with \TU/lmtt/m/n/10.95 data/processed/returns.parquet \TU/lmr/m/n/10.95 and
 []

Missing character: There is no ≤ (U+2264) in font [lmroman10-regular]:mapping=tex-text;!


[205]
Missing character: There is no ⇒ (U+21D2) in font [lmroman10-regular]:mapping=tex-text;!


[206]
Overfull \vbox (0.94284pt too high) detected at line 11106
 []



[207]

[208]

[209]

[210]
Overfull \vbox (1.786pt too high) detected at line 11275
 []



[211]

[212]

[213]
Overfull \vbox (1.10709pt too high) detected at line 11502
 []



[214]
Underfull \vbox (badness 10000) detected at line 11502
 []


Underfull \vbox (badness 10000) detected at line 11502
 []



[215]
Underfull \vbox (badness 10000) detected at line 11502
 []


Underfull \vbox (badness 10000) detected at line 11502
 []



[216]

[217]

LaTeX Warning: File `../docs/figs/regime_micro_mae.png' not found on input line 11554.

! Unable to load picture or PDF file '../docs/figs/regime_micro_mae.png'.
<to be read again> 
                   }
l.11554 ...io]{../docs/figs/regime_micro_mae.png}}
                                                   
Here is how much of TeX's memory you used:
 24485 strings out of 475791
 467954 string characters out of 5772230
 1191851 words of memory out of 5000000
 47121 multiletter control sequences out of 15000+600000
 565340 words of font info for 95 fonts, out of 8000000 for 9000
 36 hyphenation exceptions out of 8191
 108i,7n,123p,10900b,529s stack positions out of 10000i,1000n,20000p,200000b,200000s

Output written on index.pdf (217 pages).
